    0     2008-04-10T08:20:56.170       4.32812     999.00   A
    0     2008-04-10T11:18:38.298       5.42187     999.00   A
    0     2008-04-10T15:00:45.957       6.84375     999.00   A
    0     2008-04-10T18:42:53.617       8.48437     999.00   A
    0     2008-04-10T20:33:57.447      10.01562     999.00   A
    0     2008-04-11T00:38:17.872      11.87500     999.00   A
    0     2008-04-11T05:49:16.596      14.17188     999.00   A
    0     2008-04-11T08:46:58.723      16.46875     999.00   A
    0     2008-04-11T12:29:06.383      18.76563     999.00   A
    0     2008-04-11T15:49:01.277      20.73438     999.00   A
    0     2008-04-11T19:31:08.936      22.70313     999.00   A
    0     2008-04-11T23:13:16.596      24.89063     999.00   A
    0     2008-04-12T04:02:02.553      26.85938     999.00   A
    0     2008-04-12T07:21:57.447      29.15625     999.00   A
    0     2008-04-12T12:55:08.936      31.34375     999.00   A
    1     2008-04-12T00:19:54.894       4.65625     999.00   A
    1     2008-04-12T03:39:49.787       5.96875     999.00   A
    1     2008-04-12T07:21:57.447       7.71875     999.00   A
    1     2008-04-12T12:32:56.170       9.90625     999.00   A
    1     2008-04-12T17:43:54.894      12.09375     999.00   A
    1     2008-04-13T00:23:44.681      14.93750     999.00   A
    1     2008-04-13T07:25:47.234      17.34375     999.00   A
    1     2008-04-13T11:30:07.660      19.31250     999.00   A
    1     2008-04-13T17:03:19.149      21.50000     999.00   A
    1     2008-04-14T00:05:21.702      24.01563     999.00   A
    1     2008-04-14T08:14:02.553      26.85938     999.00   A
    1     2008-04-14T16:44:56.170      29.70313     999.00   A
    2     2008-04-17T16:34:12.766       4.32812     999.00   A
    2     2008-04-17T20:38:33.191       4.98437     999.00   A
    2     2008-04-18T02:11:44.681       6.18750     999.00   A
    2     2008-04-18T08:07:08.936       7.28125     999.00   A
    2     2008-04-18T15:31:24.255       8.59375     999.00   A
    2     2008-04-18T23:17:52.340      10.12500     999.00   A
    2     2008-04-19T08:33:11.489      11.65625     999.00   A
    2     2008-04-19T18:10:43.404      13.07813     999.00   A
    2     2008-04-21T00:09:57.447      18.10938     999.00   A
    2     2008-04-21T06:05:21.702      19.09375     999.00   A
    2     2008-04-21T13:29:37.021      20.40625     999.00   A
    2     2008-04-21T18:18:22.979      21.71875     999.00   A
    2     2008-04-22T01:20:25.532      23.03125     999.00   A
    2     2008-04-22T08:44:40.851      24.12500     999.00   A
    3     2008-04-23T08:48:30.638       7.82812     999.00   A
    3     2008-04-23T11:46:12.766       9.25000     999.00   A
    3     2008-04-23T15:50:33.191      11.21875     999.00   A
    3     2008-04-23T20:17:06.383      13.40625     999.00   A
    3     2008-04-24T06:39:03.830      18.43750     999.00   A
    3     2008-04-24T12:34:28.085      20.62500     999.00   A
    3     2008-04-24T17:45:26.809      23.68750     999.00   A
    3     2008-04-25T00:25:16.596      26.31250     999.00   A
    3     2008-04-25T05:58:28.085      28.60938     999.00   A
    3     2008-04-25T10:47:14.043      30.90625     999.00   A
    3     2008-04-25T15:36:00.000      33.31250     999.00   A
    4     2008-04-26T18:59:44.681       4.43750     999.00   A
    4     2008-04-26T20:28:35.745       5.96875     999.00   A
    4     2008-04-26T23:48:30.638       8.70312     999.00   A
    4     2008-04-27T02:46:12.766      11.98437     999.00   A
    4     2008-04-27T05:43:54.894      14.82813     999.00   A
    4     2008-04-27T07:57:11.489      17.01563     999.00   A
    4     2008-04-27T09:48:15.319      18.54688     999.00   A
    4     2008-04-27T13:52:35.745      21.82813     999.00   A
    4     2008-04-27T17:56:56.170      25.21875     999.00   A
