    0     2008-05-17T12:45:57.447       4.43750     999.00   A
    0     2008-05-17T13:31:54.894       5.96875     999.00   A
    0     2008-05-17T15:03:49.787       7.28125     999.00   A
    0     2008-05-17T15:49:47.234       8.81250     999.00   A
    0     2008-05-17T17:21:42.128      10.34375     999.00   A
    0     2008-05-17T19:39:34.468      12.31250     999.00   A
    0     2008-05-17T21:11:29.362      14.17188     999.00   A
    0     2008-05-17T21:57:26.809      15.59375     999.00   A
    0     2008-05-18T00:15:19.149      17.56250     999.00   A
    0     2008-05-18T01:47:14.043      19.20313     999.00   A
    0     2008-05-18T03:42:07.660      21.17188     999.00   A
    0     2008-05-18T05:37:01.277      23.14063     999.00   A
    0     2008-05-18T06:45:57.447      24.89063     999.00   A
    0     2008-05-18T08:40:51.064      26.64063     999.00   A
    0     2008-05-18T10:12:45.957      28.71875     999.00   A
    0     2008-05-18T12:53:37.021      30.90625     999.00   A
    0     2008-05-18T15:11:29.362      33.42188     999.00   A
    0     2008-05-18T17:52:20.426      36.48438     999.00   A
    0     2008-05-18T20:33:11.489      39.00000     999.00   A
    0     2008-05-19T00:00:00.000      41.73438     999.00   A
    0     2008-05-19T04:12:45.957      44.57813     999.00   A
    1     2008-05-18T16:43:24.255      18.65625     999.00   A
    1     2008-05-18T22:28:05.106      20.51563     999.00   A
    1     2008-05-19T08:48:30.638      23.03125     999.00   A
    1     2008-05-19T21:03:49.787      26.09375     999.00   A
    1     2008-05-20T08:33:11.489      28.82813     999.00   A
    1     2008-05-20T20:48:30.638      31.89063     999.00   A
    1     2008-05-21T09:49:47.234      34.84375     999.00   A
    1     2008-05-22T18:00:00.000      42.39063     999.00   A
    1     2008-05-23T14:17:52.340      47.20313     999.00   A
    2     2008-05-21T10:58:43.404      18.32813     999.00   A
    2     2008-05-21T16:43:24.255      21.50000     999.00   A
    2     2008-05-22T00:45:57.447      25.10938     999.00   A
    2     2008-05-22T12:15:19.149      30.57813     999.00   A
    2     2008-05-22T19:54:53.617      35.06250     999.00   A
    2     2008-05-23T09:42:07.660      41.18750     999.00   A
    2     2008-05-23T23:52:20.426      47.31250     999.00   A
    3     2008-05-23T10:51:03.830       4.65625     999.00   A
    3     2008-05-23T13:54:53.617       6.84375     999.00   A
    3     2008-05-23T20:48:30.638       9.90625     999.00   A
    3     2008-05-24T02:56:10.213      13.07813     999.00   A
    3     2008-05-24T12:30:38.298      18.98438     999.00   A
    3     2008-05-24T19:01:16.596      23.90625     999.00   A
    3     2008-05-25T08:48:30.638      34.62500     999.00   A
    3     2008-05-25T14:33:11.489      38.89063     999.00   A
    3     2008-05-25T19:08:56.170      43.48438     999.00   A
    3     2008-05-26T02:02:33.191      48.84375     999.00   A
    3     2008-05-26T07:01:16.596      53.65625     999.00   A
    3     2008-05-26T12:00:00.000      58.14063     999.00   A
    3     2008-05-26T18:07:39.574      62.84376     999.00   A
    3     2008-05-27T00:38:17.872      67.65626     999.00   A
    3     2008-05-27T07:31:54.894      71.92188     999.00   A
    4     2008-05-26T00:30:38.298       4.54687     999.00   A
    4     2008-05-26T05:06:22.979       5.64062     999.00   A
    4     2008-05-26T08:56:10.213       7.39062     999.00   A
    4     2008-05-27T10:35:44.681      18.32813     999.00   A
    4     2008-05-27T16:43:24.255      20.95313     999.00   A
