    0     2008-11-03T10:12:45.957       4.32812     999.00   A
    0     2008-11-03T12:30:38.298       5.75000     999.00   A
    0     2008-11-03T15:34:28.085       7.60937     999.00   A
    0     2008-11-03T19:01:16.596      10.34375     999.00   A
    0     2008-11-04T00:22:58.723      13.29688     999.00   A
    0     2008-11-04T04:12:45.957      16.35938     999.00   A
    0     2008-11-04T08:25:31.915      18.87500     999.00   A
    0     2008-11-04T11:52:20.426      21.28125     999.00   A
    0     2008-11-04T13:24:15.319      24.67188     999.00   A
    0     2008-11-04T15:42:07.660      26.96875     999.00   A
    0     2008-11-04T19:08:56.170      30.03125     999.00   A
    0     2008-11-04T22:58:43.404      33.96875     999.00   A
    1     2008-11-04T06:30:38.298       7.17187     999.00   A
    1     2008-11-04T11:52:20.426       9.90625     999.00   A
    1     2008-11-04T17:37:01.277      13.40625     999.00   A
    1     2008-11-05T00:07:39.574      16.35938     999.00   A
    1     2008-11-05T03:34:28.085      19.64063     999.00   A
    1     2008-11-05T10:28:05.106      24.78125     999.00   A
    1     2008-11-05T16:58:43.404      29.70313     999.00   A
    1     2008-11-06T01:47:14.043      35.50000     999.00   A
    1     2008-11-06T07:08:56.170      42.82813     999.00   A
    1     2008-11-06T14:02:33.191      49.06250     999.00   A
    1     2008-11-06T18:15:19.149      54.31250     999.00   A
    1     2008-11-06T23:37:01.277      60.65626     999.00   A
    2     2008-11-04T15:42:07.660       4.54687     999.00   A
    2     2008-11-04T21:26:48.511       5.64062     999.00   A
    2     2008-11-05T03:11:29.362       7.50000     999.00   A
    2     2008-11-05T08:33:11.489       9.35937     999.00   A
    2     2008-11-05T13:54:53.617      11.43750     999.00   A
    2     2008-11-05T21:34:28.085      13.62500     999.00   A
    2     2008-11-06T07:08:56.170      16.68750     999.00   A
    2     2008-11-06T15:34:28.085      20.84375     999.00   A
    2     2008-11-07T03:49:47.234      25.10938     999.00   A
    2     2008-11-07T14:56:10.213      27.95313     999.00   A
    2     2008-11-08T01:39:34.468      31.56250     999.00   A
    2     2008-11-08T13:31:54.894      35.17188     999.00   A
    2     2008-11-09T02:10:12.766      38.45313     999.00   A
    3     2008-11-08T15:03:49.787       4.54687     999.00   A
    3     2008-11-08T22:20:25.532       6.51562     999.00   A
    3     2008-11-09T03:42:07.660       8.26562     999.00   A
    3     2008-11-09T11:21:42.128      10.67187     999.00   A
    3     2008-11-09T20:10:12.766      13.18750     999.00   A
    3     2008-11-10T06:07:39.574      16.25000     999.00   A
    3     2008-11-10T14:33:11.489      18.43750     999.00   A
    3     2008-11-10T20:17:52.340      20.18750     999.00   A
    3     2008-11-11T02:48:30.638      21.93750     999.00   A
    3     2008-11-11T14:17:52.340      25.76563     999.00   A
    3     2008-11-11T21:57:26.809      28.28125     999.00   A
    3     2008-11-12T06:00:00.000      30.79688     999.00   A
    3     2008-11-12T15:11:29.362      33.31250     999.00   A
    4     2008-11-16T05:21:42.128      21.28125     999.00   A
    4     2008-11-16T15:42:07.660      23.14063     999.00   A
    4     2008-11-17T12:22:58.723      27.40625     999.00   A
    4     2008-11-18T01:01:16.596      29.26563     999.00   A
    4     2008-11-18T14:02:33.191      31.67188     999.00   A
    4     2008-11-19T07:16:35.745      35.39063     999.00   A
    4     2008-11-19T21:26:48.511      38.12500     999.00   A
    4     2008-11-20T10:05:06.383      41.51563     999.00   A
    4     2008-11-21T01:24:15.319      44.79688     999.00   A
    5     2008-11-17T03:11:29.362       4.65625     999.00   A
    5     2008-11-17T10:05:06.383       6.84375     999.00   A
    5     2008-11-17T18:30:38.298       9.79687     999.00   A
    5     2008-11-18T02:33:11.489      12.85938     999.00   A
    5     2008-11-18T16:20:25.532      18.43750     999.00   A
    5     2008-11-19T02:40:51.064      22.15625     999.00   A
    5     2008-11-19T13:01:16.596      27.73438     999.00   A
    5     2008-11-20T02:02:33.191      32.54688     999.00   A
    5     2008-11-20T11:37:01.277      36.92188     999.00   A
    5     2008-11-20T21:57:26.809      41.29688     999.00   A
    5     2008-11-21T11:44:40.851      46.21875     999.00   A
    5     2008-11-21T23:37:01.277      50.70313     999.00   A
    5     2008-11-22T14:10:12.766      55.40625     999.00   A
    5     2008-11-23T05:52:20.426      59.56251     999.00   A
    6     2008-11-20T21:34:28.085       4.54687     999.00   A
    6     2008-11-21T06:45:57.447       6.07812     999.00   A
    6     2008-11-21T19:01:16.596       7.82812     999.00   A
    6     2008-11-22T06:53:37.021       9.68750     999.00   A
    6     2008-11-22T20:40:51.064      11.87500     999.00   A
    6     2008-11-23T08:56:10.213      13.62500     999.00   A
    6     2008-11-24T11:21:42.128      18.32813     999.00   A
    6     2008-11-25T01:31:54.894      20.84375     999.00   A
    7     2008-11-26T23:29:21.702       4.43750     999.00   A
    7     2008-11-27T04:28:05.106       6.62500     999.00   A
    7     2008-11-27T10:35:44.681       9.57812     999.00   A
    7     2008-11-27T18:38:17.872      12.75000     999.00   A
    7     2008-11-28T02:17:52.340      16.03125     999.00   A
    7     2008-11-28T05:44:40.851      18.65625     999.00   A
    7     2008-11-28T13:01:16.596      22.04688     999.00   A
    7     2008-11-28T20:17:52.340      25.43750     999.00   A
    7     2008-11-29T04:43:24.255      29.70313     999.00   A
    7     2008-11-29T12:00:00.000      33.96875     999.00   A
    7     2008-11-29T20:25:31.915      37.35938     999.00   A
    7     2008-11-30T04:28:05.106      41.51563     999.00   A
    7     2008-11-30T10:12:45.957      46.00000     999.00   A
    7     2008-11-30T19:24:15.319      51.25000     999.00   A
