    0     2008-02-25T19:08:56.170       4.32812     999.00   B
    0     2008-02-25T22:12:45.957       5.53125     999.00   B
    0     2008-02-26T02:48:30.638       6.95312     999.00   B
    0     2008-02-26T07:24:15.319       8.70312     999.00   B
    0     2008-02-26T11:37:01.277      10.67187     999.00   B
    0     2008-02-26T18:53:37.021      13.62500     999.00   B
    0     2008-02-26T23:52:20.426      15.37500     999.00   B
    0     2008-02-27T06:45:57.447      18.98438     999.00   B
    0     2008-02-27T12:53:37.021      21.60938     999.00   B
    0     2008-02-27T22:05:06.383      26.20313     999.00   B
    0     2008-02-28T03:03:49.787      28.71875     999.00   B
    0     2008-02-28T07:16:35.745      31.45313     999.00   B
    1     2008-02-28T04:35:44.681       4.43750     999.00   B
    1     2008-02-28T07:39:34.468       5.53125     999.00   B
    1     2008-02-28T13:47:14.043       6.95312     999.00   B
    1     2008-02-28T19:31:54.894       8.48437     999.00   B
    1     2008-02-29T01:39:34.468       9.79687     999.00   B
    1     2008-03-01T09:49:47.234      18.87500     999.00   B
    1     2008-03-01T16:20:25.532      20.40625     999.00   B
    1     2008-03-01T21:42:07.660      21.82813     999.00   B
