    0     2008-02-20T13:27:19.149       4.21875     285.00   B
    0     2008-02-20T14:29:21.702       4.54687     285.00   B
    0     2008-02-20T15:10:43.404       4.76562     285.00   B
    0     2008-02-20T15:52:05.106       4.98437     285.00   B
    0     2008-02-20T16:33:26.809       5.20312     285.00   B
    0     2008-02-20T16:54:07.660       5.42187     285.00   B
    0     2008-02-20T17:35:29.362       5.64062     285.00   B
    0     2008-02-20T18:16:51.064       5.96875     285.00   B
    0     2008-02-20T18:58:12.766       6.18750     285.00   B
    0     2008-02-20T20:20:56.170       6.51562     285.00   B
    0     2008-02-20T21:02:17.872       6.73437     285.00   B
    0     2008-02-20T21:43:39.574       7.06250     285.00   B
    0     2008-02-20T22:04:20.426       7.39062     285.00   B
    0     2008-02-20T22:45:42.128       7.60937     285.00   B
    0     2008-02-20T23:27:03.830       7.82812     285.00   B
    0     2008-02-21T00:49:47.234       8.26562     285.00   B
    0     2008-02-21T01:31:08.936       8.59375     285.00   B
    0     2008-02-21T02:53:52.340       9.03125     285.00   B
    0     2008-02-21T03:35:14.043       9.46875     285.00   B
    0     2008-02-21T04:16:35.745       9.79687     285.00   B
    0     2008-02-21T05:39:19.149      10.23437     285.00   B
    0     2008-02-21T06:41:21.702      10.67187     285.00   B
    0     2008-02-21T07:43:24.255      11.21875     285.00   B
    0     2008-02-21T08:45:26.809      11.54687     285.00   B
    0     2008-02-21T09:47:29.362      11.98437     285.00   B
    0     2008-02-21T11:10:12.766      12.42187     285.00   B
    0     2008-02-21T12:12:15.319      12.85938     285.00   B
    0     2008-02-21T12:53:37.021      13.29688     285.00   B
    0     2008-02-21T14:16:20.426      13.84375     285.00   B
    0     2008-02-21T15:39:03.830      14.39063     285.00   B
    0     2008-02-21T16:20:25.532      14.60938     285.00   B
    0     2008-02-21T17:22:28.085      15.26563     285.00   B
    0     2008-02-21T18:45:11.489      15.70313     285.00   B
    0     2008-02-21T20:07:54.894      16.35938     285.00   B
# Same Transient at different position angle
    0     2008-02-20T14:33:57.447       4.32812     280.00   B
    0     2008-02-20T16:40:20.426       4.87500     280.00   B
    0     2008-02-20T17:56:10.213       5.31250     280.00   B
    0     2008-02-20T18:46:43.404       5.85937     280.00   B
    0     2008-02-20T20:27:49.787       6.51562     280.00   B
    0     2008-02-20T21:43:39.574       7.17187     280.00   B
    0     2008-02-20T22:59:29.362       7.71875     280.00   B
    0     2008-02-21T00:40:35.745       8.26562     280.00   B
    0     2008-02-21T02:21:42.128       8.92187     280.00   B
    0     2008-02-21T04:02:48.511       9.57812     280.00   B
    0     2008-02-21T05:18:38.298      10.12500     280.00   B
    0     2008-02-21T07:25:01.277      10.78125     280.00   B
    0     2008-02-21T08:40:51.064      11.54687     280.00   B
    0     2008-02-21T10:21:57.447      12.20312     280.00   B
    0     2008-02-21T12:03:03.830      12.96875     280.00   B
    0     2008-02-21T13:44:10.213      13.84375     280.00   B
    0     2008-02-21T15:00:00.000      14.28125     280.00   B
    0     2008-02-21T16:41:06.383      15.04688     280.00   B
    0     2008-02-21T18:22:12.766      16.03125     280.00   B
    0     2008-02-21T20:53:52.340      17.01563     280.00   B
    0     2008-02-21T23:00:15.319      18.10938     280.00   B
    0     2008-02-22T00:41:21.702      18.87500     280.00   B
    0     2008-02-22T03:13:01.277      19.75000     280.00   B
    0     2008-02-22T05:19:24.255      20.62500     280.00   B
    0     2008-02-22T06:35:14.043      21.60938     280.00   B
    0     2008-02-22T08:16:20.426      22.48438     280.00   B
    0     2008-02-22T09:57:26.809      23.25000     280.00   B
    0     2008-02-22T11:13:16.596      24.23438     280.00   B
    0     2008-02-22T13:44:56.170      25.54688     280.00   B
    0     2008-02-22T14:35:29.362      26.42188     280.00   B
    0     2008-02-22T16:16:35.745      27.29688     280.00   B

