    0     2008-02-27T18:52:05.106       4.32812     280.00   B
    0     2008-02-27T20:07:54.894       4.76562     280.00   B
    0     2008-02-27T20:58:28.085       5.20312     280.00   B
    0     2008-02-27T21:49:01.277       5.53125     280.00   B
    0     2008-02-27T22:39:34.468       5.75000     280.00   B
    0     2008-02-27T23:55:24.255       5.96875     280.00   B
    0     2008-02-28T00:45:57.447       6.29687     280.00   B
    0     2008-02-28T01:36:30.638       6.62500     280.00   B
    0     2008-02-28T02:27:03.830       6.95312     280.00   B
    0     2008-02-28T03:17:37.021       7.17187     280.00   B
    0     2008-02-28T04:08:10.213       7.39062     280.00   B
    0     2008-02-28T04:58:43.404       7.60937     280.00   B
    0     2008-02-28T05:49:16.596       7.93750     280.00   B
    0     2008-02-28T07:05:06.383       8.37500     280.00   B
    0     2008-02-28T07:55:39.574       8.59375     280.00   B
    0     2008-02-28T08:46:12.766       8.92187     280.00   B
    0     2008-02-28T09:36:45.957       9.25000     280.00   B
    0     2008-02-28T10:27:19.149       9.57812     280.00   B
    0     2008-02-28T11:43:08.936      10.01562     280.00   B
    0     2008-02-28T13:24:15.319      10.45312     280.00   B
    0     2008-02-28T14:14:48.511      10.89062     280.00   B
    0     2008-02-28T15:55:54.894      11.43750     280.00   B
    0     2008-02-28T16:46:28.085      11.76562     280.00   B
    0     2008-02-28T18:02:17.872      12.20312     280.00   B
    0     2008-02-28T19:43:24.255      12.75000     280.00   B
    0     2008-02-28T21:24:30.638      13.29688     280.00   B
    0     2008-02-28T22:15:03.830      13.62500     280.00   B
    0     2008-02-29T00:46:43.404      14.17188     280.00   B
    0     2008-02-29T02:53:06.383      14.82813     280.00   B
    0     2008-03-01T00:22:12.766      21.60938     280.00   B
    0     2008-03-01T03:19:08.936      22.81250     280.00   B
    0     2008-03-01T07:31:54.894      24.01563     280.00   B
    0     2008-03-01T10:54:07.660      25.21875     280.00   B
    0     2008-03-01T14:41:37.021      26.09375     280.00   B
    0     2008-03-01T17:38:33.191      27.07813     280.00   B
