    0     2008-02-23T12:29:52.340       4.43750     280.00   B
    0     2008-02-23T15:01:31.915       5.42187     280.00   B
    0     2008-02-23T20:04:51.064       6.29687     280.00   B
    0     2008-02-24T00:17:37.021       7.60937     280.00   B
    0     2008-02-24T05:46:12.766       9.14062     280.00   B
    0     2008-02-24T11:14:48.511      10.34375     280.00   B
    0     2008-02-24T15:02:17.872      11.65625     280.00   B
    0     2008-02-24T18:49:47.234      13.07813     280.00   B
    0     2008-02-24T22:37:16.596      14.50000     280.00   B
    0     2008-02-25T01:34:12.766      15.92188     280.00   B
    0     2008-02-25T04:56:25.532      17.23438     280.00   B
    0     2008-02-25T10:25:01.277      19.53125     280.00   B
    0     2008-02-25T13:21:57.447      21.50000     280.00   B
    0     2008-02-25T18:00:00.000      23.25000     280.00   B
    0     2008-02-25T21:47:29.362      26.20313     280.00   B
    0     2008-02-26T02:00:15.319      28.39063     280.00   B
    0     2008-02-26T04:06:38.298      30.90625     280.00   B
    0     2008-02-26T09:09:57.447      33.53125     280.00   B
    0     2008-02-26T12:06:53.617      36.04688     280.00   B
    0     2008-02-26T13:22:43.404      38.12500     280.00   B
    0     2008-02-26T17:10:12.766      40.53125     280.00   B
    0     2008-02-26T18:26:02.553      42.93750     280.00   B
    0     2008-02-26T21:22:58.723      46.10938     280.00   B
    0     2008-02-26T23:29:21.702      49.06250     280.00   B
    0     2008-02-27T01:10:28.085      52.23438     280.00   B
    0     2008-02-27T04:07:24.255      56.06250     280.00   B
    0     2008-02-27T06:39:03.830      59.01563     280.00   B
    0     2008-02-27T08:45:26.809      61.75001     280.00   B
    0     2008-02-27T10:26:33.191      64.81251     280.00   B
    0     2008-02-27T12:58:12.766      68.85938     280.00   B
