    0     2008-02-04T04:08:10.213       4.43750      80.00   A
    0     2008-02-04T05:55:24.255       5.31250      80.00   A
    0     2008-02-04T06:59:44.681       6.40625      80.00   A
    0     2008-02-04T07:42:38.298       7.17187      80.00   A
    0     2008-02-04T08:25:31.915       7.93750      80.00   A
    0     2008-02-04T09:51:19.149       8.59375      80.00   A
    0     2008-02-04T10:55:39.574       9.46875      80.00   A
    0     2008-02-04T12:00:00.000      10.23437      80.00   A
    0     2008-02-04T13:25:47.234      11.43750      80.00   A
    0     2008-02-04T14:30:07.660      12.42187      80.00   A
    0     2008-02-04T15:34:28.085      13.18750      80.00   A
    0     2008-02-04T16:38:48.511      14.71875      80.00   A
    0     2008-02-04T18:26:02.553      15.81250      80.00   A
    0     2008-02-04T20:13:16.596      17.23438      80.00   A
    0     2008-02-04T22:00:30.638      18.43750      80.00   A
    0     2008-02-04T23:04:51.064      19.85938      80.00   A
    0     2008-02-05T01:56:25.532      21.60938      80.00   A
    0     2008-02-05T03:43:39.574      23.57813      80.00   A
    0     2008-02-05T05:30:53.617      25.10938      80.00   A
    0     2008-02-05T07:18:07.660      26.75000      80.00   A
    0     2008-02-05T09:05:21.702      28.17188      80.00   A
    0     2008-02-05T11:14:02.553      30.46875      80.00   A
    0     2008-02-05T14:48:30.638      32.43750      80.00   A
    0     2008-02-05T16:35:44.681      33.96875      80.00   A
