    0     2008-02-01T10:00:30.638       4.43750      80.00   A
    0     2008-02-01T11:26:17.872       4.98437      80.00   A
    0     2008-02-01T14:17:52.340       5.53125      80.00   A
    0     2008-02-01T15:43:39.574       6.07812      80.00   A
    0     2008-02-01T17:09:26.809       6.62500      80.00   A
    0     2008-02-01T18:56:40.851       7.28125      80.00   A
    0     2008-02-01T20:43:54.894       7.82812      80.00   A
    0     2008-02-01T22:09:42.128       8.48437      80.00   A
    0     2008-02-01T23:35:29.362       8.92187      80.00   A
    0     2008-02-02T00:39:49.787       9.46875      80.00   A
    0     2008-02-02T02:27:03.830      10.34375      80.00   A
    0     2008-02-02T04:14:17.872      10.78125      80.00   A
    0     2008-02-02T04:35:44.681      11.10937      80.00   A
    0     2008-02-02T05:40:05.106      11.87500      80.00   A
    0     2008-02-02T07:05:52.340      12.31250      80.00   A
    0     2008-02-02T08:31:39.574      12.75000      80.00   A
    0     2008-02-02T10:18:53.617      13.51563      80.00   A
    0     2008-02-02T11:44:40.851      14.17188      80.00   A
    0     2008-02-02T13:53:21.702      15.26563      80.00   A
    0     2008-02-02T16:44:56.170      16.35938      80.00   A
    0     2008-02-02T18:32:10.213      17.56250      80.00   A
    0     2008-02-02T19:36:30.638      18.43750      80.00   A
    0     2008-02-02T22:28:05.106      19.20313      80.00   A
    0     2008-02-02T23:32:25.532      19.85938      80.00   A
    0     2008-02-03T02:02:33.191      21.06250      80.00   A
    0     2008-02-03T03:28:20.426      22.04688      80.00   A
    0     2008-02-03T07:02:48.511      23.57813      80.00   A
    0     2008-02-03T09:32:56.170      25.00000      80.00   A
    0     2008-02-03T12:03:03.830      26.42188      80.00   A
    0     2008-02-03T15:16:05.106      27.84375      80.00   A
    0     2008-02-03T17:24:45.957      29.59375      80.00   A
    0     2008-02-03T23:29:21.702      33.42188      80.00   A
    0     2008-02-04T03:25:16.596      35.50000      80.00   A
    0     2008-02-04T06:59:44.681      37.14063      80.00   A
    0     2008-02-04T11:17:06.383      39.00000      80.00   A
    0     2008-02-04T14:51:34.468      40.42188      80.00   A
