    0     2008-02-22T08:56:10.213       4.43750      75.00   A
    0     2008-02-22T09:39:03.830       4.98437      75.00   A
    0     2008-02-22T11:04:51.064       5.75000      75.00   A
    0     2008-02-22T11:26:17.872       6.29687      75.00   A
    0     2008-02-22T12:09:11.489       6.84375      75.00   A
    0     2008-02-22T12:30:38.298       7.39062      75.00   A
    0     2008-02-22T13:13:31.915       8.15625      75.00   A
    0     2008-02-22T14:39:19.149       9.03125      75.00   A
    0     2008-02-22T15:00:45.957       9.79687      75.00   A
    0     2008-02-22T15:43:39.574      10.56250      75.00   A
    0     2008-02-22T16:26:33.191      11.65625      75.00   A
    0     2008-02-22T17:52:20.426      12.20312      75.00   A
    0     2008-02-22T18:13:47.234      12.96875      75.00   A
    0     2008-02-22T19:18:07.660      13.73438      75.00   A
    0     2008-02-22T20:22:28.085      14.60938      75.00   A
    0     2008-02-22T20:43:54.894      15.37500      75.00   A
    0     2008-02-22T21:05:21.702      16.03125      75.00   A
    0     2008-02-22T21:48:15.319      16.68750      75.00   A
    0     2008-02-22T23:14:02.553      17.45313      75.00   A
    0     2008-02-22T23:56:56.170      18.10938      75.00   A
    0     2008-02-23T02:05:37.021      19.42188      75.00   A
    0     2008-02-23T03:31:24.255      20.18750      75.00   A
    0     2008-02-23T05:18:38.298      21.60938      75.00   A
    0     2008-02-23T07:27:19.149      23.25000      75.00   A
    0     2008-02-23T10:18:53.617      25.00000      75.00   A
    0     2008-02-23T11:23:14.043      26.64063      75.00   A
    0     2008-02-23T13:31:54.894      28.17188      75.00   A
    0     2008-02-23T16:02:02.553      29.81250      75.00   A
    0     2008-02-23T17:49:16.596      31.12500      75.00   A
    0     2008-02-23T20:19:24.255      33.53125      75.00   A
    0     2008-02-24T03:28:20.426      40.09375      75.00   A
    0     2008-02-24T09:11:29.362      45.45313      75.00   A
    0     2008-02-24T12:03:03.830      48.84375      75.00   A
    0     2008-02-24T18:29:06.383      52.89063      75.00   A
    0     2008-02-25T00:12:15.319      56.93751      75.00   A
    0     2008-02-25T07:42:38.298      60.54688      75.00   A
    0     2008-02-25T17:43:08.936      64.48438      75.00   A
