    0     2008-02-24T08:28:35.745       4.43750      75.00   A
    0     2008-02-24T09:32:56.170       4.76562      75.00   A
    0     2008-02-24T10:37:16.596       5.09375      75.00   A
    0     2008-02-24T12:24:30.638       5.64062      75.00   A
    0     2008-02-24T13:28:51.064       5.96875      75.00   A
    0     2008-02-24T14:33:11.489       6.51562      75.00   A
    0     2008-02-24T16:41:52.340       7.17187      75.00   A
    0     2008-02-24T17:46:12.766       7.82812      75.00   A
    0     2008-02-24T18:50:33.191       8.37500      75.00   A
    0     2008-02-24T19:54:53.617       8.92187      75.00   A
    0     2008-02-24T21:42:07.660       9.57812      75.00   A
    0     2008-02-24T23:07:54.894      10.12500      75.00   A
    0     2008-02-25T00:12:15.319      10.67187      75.00   A
    0     2008-02-25T02:20:56.170      11.43750      75.00   A
    0     2008-02-25T03:46:43.404      11.98437      75.00   A
    0     2008-02-25T04:51:03.830      12.42187      75.00   A
    0     2008-02-25T08:04:05.106      13.40625      75.00   A
    0     2008-02-25T10:12:45.957      14.17188      75.00   A
    0     2008-02-25T13:25:47.234      15.15625      75.00   A
    0     2008-02-25T15:55:54.894      16.25000      75.00   A
    0     2008-02-25T18:47:29.362      17.23438      75.00   A
    0     2008-02-26T00:09:11.489      19.31250      75.00   A
    0     2008-02-26T02:17:52.340      20.18750      75.00   A
    0     2008-02-26T04:48:00.000      21.17188      75.00   A
    0     2008-02-26T07:39:34.468      22.26563      75.00   A
    0     2008-02-26T13:22:43.404      23.35938      75.00   A
    0     2008-02-26T18:22:58.723      25.10938      75.00   A
    0     2008-02-27T00:49:01.277      26.42188      75.00   A
    0     2008-02-27T05:49:16.596      28.06250      75.00   A
    0     2008-02-27T13:41:06.383      29.81250      75.00   A
