    0     2008-02-12T17:36:15.319       4.21875     250.00   B
    0     2008-02-12T18:17:37.021       4.54687     250.00   B
    0     2008-02-12T18:58:58.723       4.87500     250.00   B
    0     2008-02-12T19:40:20.426       5.20312     250.00   B
    0     2008-02-12T20:01:01.277       5.42187     250.00   B
    0     2008-02-12T20:42:22.979       5.75000     250.00   B
    0     2008-02-12T21:03:03.830       6.07812     250.00   B
    0     2008-02-12T21:44:25.532       6.29687     250.00   B
    0     2008-02-12T22:05:06.383       6.62500     250.00   B
    0     2008-02-12T22:46:28.085       6.95312     250.00   B
    0     2008-02-12T23:27:49.787       7.39062     250.00   B
    0     2008-02-13T00:09:11.489       7.71875     250.00   B
    0     2008-02-13T00:50:33.191       8.04687     250.00   B
    0     2008-02-13T01:11:14.043       8.37500     250.00   B
    0     2008-02-13T01:52:35.745       8.70312     250.00   B
    0     2008-02-13T02:33:57.447       8.92187     250.00   B
    0     2008-02-13T03:36:00.000       9.35937     250.00   B
    0     2008-02-13T04:17:21.702       9.57812     250.00   B
    0     2008-02-13T04:38:02.553       9.90625     250.00   B
    0     2008-02-13T05:40:05.106      10.34375     250.00   B
    0     2008-02-13T06:42:07.660      10.89062     250.00   B
    0     2008-02-13T07:44:10.213      11.32812     250.00   B
    0     2008-02-13T09:06:53.617      12.09375     250.00   B
    0     2008-02-13T09:48:15.319      12.53125     250.00   B
    0     2008-02-13T11:31:39.574      13.07813     250.00   B
    0     2008-02-13T12:13:01.277      13.40625     250.00   B
    0     2008-02-13T12:54:22.979      14.17188     250.00   B
    0     2008-02-13T13:56:25.532      14.60938     250.00   B
    0     2008-02-13T14:58:28.085      15.15625     250.00   B
    0     2008-02-13T16:41:52.340      15.81250     250.00   B
