    0     2008-11-02T13:54:53.617       4.43750     999.00   B
    0     2008-11-02T17:21:42.128       5.85937     999.00   B
    0     2008-11-03T01:01:16.596       8.15625     999.00   B
    0     2008-11-03T10:12:45.957      11.32812     999.00   B
    0     2008-11-03T19:01:16.596      14.82813     999.00   B
    0     2008-11-04T04:12:45.957      18.10938     999.00   B
    0     2008-11-04T07:39:34.468      19.75000     999.00   B
    0     2008-11-04T14:56:10.213      22.92188     999.00   B
    0     2008-11-05T02:02:33.191      27.73438     999.00   B
    0     2008-11-05T12:00:00.000      32.32813     999.00   B
    0     2008-11-05T21:34:28.085      37.03125     999.00   B
    0     2008-11-06T12:30:38.298      44.57813     999.00   B
    0     2008-11-07T00:45:57.447      50.37500     999.00   B
    0     2008-11-12T07:08:56.170       4.43750     999.00   B
    0     2008-11-12T11:44:40.851       5.96875     999.00   B
    0     2008-11-12T17:29:21.702       8.15625     999.00   B
    0     2008-11-12T21:42:07.660      10.12500     999.00   B
    0     2008-11-13T03:03:49.787      12.53125     999.00   B
    0     2008-11-13T09:11:29.362      15.15625     999.00   B
    1     2008-11-28T10:43:24.255       6.62500     999.00   B
    1     2008-11-28T16:05:06.383       8.70312     999.00   B
    1     2008-11-28T23:21:42.128      11.54687     999.00   B
    1     2008-11-29T07:47:14.043      14.60938     999.00   B
    1     2008-11-29T13:08:56.170      17.12500     999.00   B
    1     2008-11-29T16:58:43.404      19.09375     999.00   B
    1     2008-11-29T23:29:21.702      22.15625     999.00   B
    1     2008-11-30T04:05:06.383      25.76563     999.00   B
    1     2008-11-30T10:58:43.404      29.70313     999.00   B
    1     2008-11-30T15:34:28.085      33.64063     999.00   B
    1     2008-11-30T20:33:11.489      38.45313     999.00   B
