    0     2008-09-01T04:35:44.681      18.43750     999.00   A
    0     2008-09-01T08:25:31.915      21.93750     999.00   A
    0     2008-09-01T12:38:17.872      25.98438     999.00   A
    0     2008-09-01T18:22:58.723      31.23438     999.00   A
    0     2008-09-01T22:12:45.957      36.26563     999.00   A
    0     2008-09-02T03:11:29.362      41.95313     999.00   A
    0     2008-09-02T10:51:03.830      48.29688     999.00   A
    1     2008-09-01T01:31:54.894      10.56250     999.00   A
    1     2008-09-01T07:39:34.468      13.29688     999.00   A
    1     2008-09-01T13:01:16.596      16.79688     999.00   A
    1     2008-09-01T15:19:08.936      18.87500     999.00   A
    1     2008-09-01T18:45:57.447      21.82813     999.00   A
    1     2008-09-01T22:58:43.404      25.98438     999.00   A
    1     2008-09-02T04:43:24.255      30.03125     999.00   A
    1     2008-09-02T09:19:08.936      34.29688     999.00   A
    1     2008-09-02T15:49:47.234      39.54688     999.00   A
    1     2008-09-02T19:16:35.745      44.25000     999.00   A
    1     2008-09-03T00:15:19.149      49.06250     999.00   A
    2     2008-09-01T03:03:49.787       6.18750     999.00   A
    2     2008-09-01T09:11:29.362       7.39062     999.00   A
    2     2008-09-01T17:14:02.553       8.92187     999.00   A
    2     2008-09-02T02:02:33.191      10.23437     999.00   A
    2     2008-09-02T12:45:57.447      11.76562     999.00   A
    2     2008-09-03T02:33:11.489      14.17188     999.00   A
    2     2008-09-03T10:58:43.404      16.25000     999.00   A
    2     2008-09-03T19:24:15.319      17.89063     999.00   A
    2     2008-09-03T23:14:02.553      18.98438     999.00   A
    2     2008-09-04T09:57:26.809      21.93750     999.00   A
    2     2008-09-04T18:45:57.447      24.23438     999.00   A
    2     2008-09-05T06:15:19.149      26.96875     999.00   A
    2     2008-09-05T16:35:44.681      29.70313     999.00   A
    3     2008-09-06T11:21:42.128       4.43750     999.00   A
    3     2008-09-06T14:02:33.191       5.64062     999.00   A
    3     2008-09-06T17:06:22.979       6.95312     999.00   A
    3     2008-09-06T22:28:05.106       9.14062     999.00   A
    3     2008-09-07T03:26:48.511      11.54687     999.00   A
    3     2008-09-07T11:06:22.979      14.71875     999.00   A
    3     2008-09-07T18:22:58.723      18.21875     999.00   A
    3     2008-09-07T23:21:42.128      20.84375     999.00   A
    3     2008-09-08T08:10:12.766      24.12500     999.00   A
    3     2008-09-08T14:40:51.064      27.73438     999.00   A
    3     2008-09-08T23:06:22.979      31.23438     999.00   A
    3     2008-09-09T08:40:51.064      34.95313     999.00   A
    3     2008-09-09T16:43:24.255      38.34375     999.00   A
    3     2008-09-10T06:07:39.574      42.50000     999.00   A
    3     2008-09-10T18:45:57.447      46.10938     999.00   A
    4     2008-09-13T00:45:57.447       4.87500     999.00   A
    4     2008-09-13T07:16:35.745       6.18750     999.00   A
    4     2008-09-13T14:56:10.213       8.15625     999.00   A
    4     2008-09-13T22:58:43.404      10.23437     999.00   A
    4     2008-09-14T07:24:15.319      13.18750     999.00   A
    4     2008-09-14T14:40:51.064      16.14063     999.00   A
    4     2008-09-14T18:07:39.574      18.43750     999.00   A
    4     2008-09-14T21:34:28.085      21.60938     999.00   A
    4     2008-09-15T04:05:06.383      24.78125     999.00   A
    4     2008-09-15T10:12:45.957      27.73438     999.00   A
