    0     2008-08-05T19:16:35.745       8.81250     999.00   B
    0     2008-08-06T05:37:01.277      11.65625     999.00   B
    0     2008-08-06T17:29:21.702      16.03125     999.00   B
    0     2008-08-07T01:54:53.617      21.28125     999.00   B
    0     2008-08-07T08:48:30.638      25.98438     999.00   B
    0     2008-08-07T19:08:56.170      32.43750     999.00   B
    0     2008-08-08T00:53:37.021      38.12500     999.00   B
    0     2008-08-08T06:38:17.872      44.03125     999.00   B
    0     2008-08-08T14:40:51.064      54.64063     999.00   B
    1     2008-08-15T21:42:07.660       4.32812     999.00   B
    1     2008-08-16T01:54:53.617       5.96875     999.00   B
    1     2008-08-16T08:02:33.191       7.82812     999.00   B
    1     2008-08-16T14:10:12.766      10.45312     999.00   B
    1     2008-08-16T22:58:43.404      13.84375     999.00   B
    1     2008-08-17T13:31:54.894      18.87500     999.00   B
    1     2008-08-17T21:34:28.085      22.15625     999.00   B
    1     2008-08-18T06:45:57.447      25.76563     999.00   B
    1     2008-08-18T17:52:20.426      29.81250     999.00   B
    2     2008-08-17T07:24:15.319       4.43750     999.00   B
    2     2008-08-17T12:00:00.000       6.62500     999.00   B
    2     2008-08-17T17:44:40.851       9.14062     999.00   B
    2     2008-08-17T22:43:24.255      11.98437     999.00   B
    2     2008-08-18T04:51:03.830      14.39063     999.00   B
    2     2008-08-18T10:58:43.404      16.90625     999.00   B
    2     2008-08-18T17:29:21.702      19.20313     999.00   B
    2     2008-08-19T06:53:37.021      24.23438     999.00   B
    2     2008-08-19T18:00:00.000      27.73438     999.00   B
    2     2008-08-20T07:47:14.043      31.89063     999.00   B
    2     2008-08-20T21:11:29.362      35.82813     999.00   B
    2     2008-08-21T11:21:42.128      39.76563     999.00   B
